<?xml version="1.0" encoding="UTF-8" standalone="no"?>
<!DOCTYPE log SYSTEM "logger.dtd">
<log>
<record>
  <date>2017-10-30T12:39:59</date>
  <millis>1509367199606</millis>
  <sequence>0</sequence>
  <logger>LogMain</logger>
  <level>SEVERE</level>
  <class>application.Main</class>
  <method>main</method>
  <thread>1</thread>
  <message>You fucked up</message>
  <exception>
    <message>java.io.IOException: Couldn't read the file</message>
    <frame>
      <class>application.Main</class>
      <method>main</method>
      <line>40</line>
    </frame>
    <frame>
      <class>sun.reflect.NativeMethodAccessorImpl</class>
      <method>invoke0</method>
    </frame>
    <frame>
      <class>sun.reflect.NativeMethodAccessorImpl</class>
      <method>invoke</method>
    </frame>
    <frame>
      <class>sun.reflect.DelegatingMethodAccessorImpl</class>
      <method>invoke</method>
    </frame>
    <frame>
      <class>java.lang.reflect.Method</class>
      <method>invoke</method>
    </frame>
    <frame>
      <class>com.sun.javafx.application.LauncherImpl</class>
      <method>launchApplicationWithArgs</method>
      <line>389</line>
    </frame>
    <frame>
      <class>com.sun.javafx.application.LauncherImpl</class>
      <method>launchApplication</method>
      <line>328</line>
    </frame>
    <frame>
      <class>sun.reflect.NativeMethodAccessorImpl</class>
      <method>invoke0</method>
    </frame>
    <frame>
      <class>sun.reflect.NativeMethodAccessorImpl</class>
      <method>invoke</method>
    </frame>
    <frame>
      <class>sun.reflect.DelegatingMethodAccessorImpl</class>
      <method>invoke</method>
    </frame>
    <frame>
      <class>java.lang.reflect.Method</class>
      <method>invoke</method>
    </frame>
    <frame>
      <class>sun.launcher.LauncherHelper$FXHelper</class>
      <method>main</method>
    </frame>
  </exception>
</record>
</log>
